2025-04-11T10:47:27.843+08:00  INFO 11356 --- [client-service] [main] t.x.c.ClientServiceApplication           : Starting ClientServiceApplication using Java 18.0.2 with PID 11356 (C:\Users\ymx1205\Desktop\MicroService_Learning\client-service\target\classes started by ymx1205 in C:\Users\ymx1205\Desktop\MicroService_Learning\client-service)
2025-04-11T10:47:27.845+08:00  INFO 11356 --- [client-service] [main] t.x.c.ClientServiceApplication           : No active profile set, falling back to 1 default profile: "default"
2025-04-11T10:47:28.749+08:00  INFO 11356 --- [client-service] [main] o.s.b.w.embedded.tomcat.TomcatWebServer  : Tomcat initialized with port 8081 (http)
2025-04-11T10:47:28.764+08:00  INFO 11356 --- [client-service] [main] o.apache.catalina.core.StandardService   : Starting service [Tomcat]
2025-04-11T10:47:28.764+08:00  INFO 11356 --- [client-service] [main] o.apache.catalina.core.StandardEngine    : Starting Servlet engine: [Apache Tomcat/10.1.39]
2025-04-11T10:47:28.795+08:00  INFO 11356 --- [client-service] [main] o.a.c.c.C.[Tomcat].[localhost].[/]       : Initializing Spring embedded WebApplicationContext
2025-04-11T10:47:28.795+08:00  INFO 11356 --- [client-service] [main] w.s.c.ServletWebServerApplicationContext : Root WebApplicationContext: initialization completed in 914 ms
2025-04-11T10:47:29.331+08:00  INFO 11356 --- [client-service] [main] o.s.b.a.e.web.EndpointLinksResolver      : Exposing 15 endpoints beneath base path '/actuator'
2025-04-11T10:47:29.368+08:00  INFO 11356 --- [client-service] [main] o.s.b.w.embedded.tomcat.TomcatWebServer  : Tomcat started on port 8081 (http) with context path '/'
2025-04-11T10:47:29.382+08:00  INFO 11356 --- [client-service] [main] t.x.c.ClientServiceApplication           : Started ClientServiceApplication in 1.965 seconds (process running for 2.349)
2025-04-11T10:47:29.503+08:00  INFO 11356 --- [client-service] [registrationTask1] d.c.b.a.c.r.ApplicationRegistrator       : Application registered itself as 17e2480b2198
2025-04-11T10:47:29.519+08:00  INFO 11356 --- [client-service] [http-nio-8081-exec-3] o.a.c.c.C.[Tomcat].[localhost].[/]       : Initializing Spring DispatcherServlet 'dispatcherServlet'
2025-04-11T10:47:29.520+08:00  INFO 11356 --- [client-service] [http-nio-8081-exec-3] o.s.web.servlet.DispatcherServlet        : Initializing Servlet 'dispatcherServlet'
2025-04-11T10:47:29.520+08:00  INFO 11356 --- [client-service] [http-nio-8081-exec-3] o.s.web.servlet.DispatcherServlet        : Completed initialization in 0 ms
2025-04-11T10:47:30.003+08:00  INFO 11356 --- [client-service] [scheduling-1] t.x.c.ClientServiceApplication           : 正在执行计划任务...
2025-04-11T10:47:40.005+08:00  INFO 11356 --- [client-service] [scheduling-1] t.x.c.ClientServiceApplication           : 正在执行计划任务...
2025-04-11T10:47:50.014+08:00  INFO 11356 --- [client-service] [scheduling-1] t.x.c.ClientServiceApplication           : 正在执行计划任务...
2025-04-11T10:48:00.000+08:00  INFO 11356 --- [client-service] [scheduling-1] t.x.c.ClientServiceApplication           : 正在执行计划任务...
2025-04-11T10:48:02.211+08:00  INFO 11356 --- [client-service] [SpringApplicationShutdownHook] o.s.b.w.e.tomcat.GracefulShutdown        : Commencing graceful shutdown. Waiting for active requests to complete
2025-04-11T10:48:02.322+08:00  INFO 11356 --- [client-service] [tomcat-shutdown] o.s.b.w.e.tomcat.GracefulShutdown        : Graceful shutdown complete
2025-04-11T10:56:12.478+08:00  INFO 8968 --- [client-service] [main] t.x.c.ClientServiceApplication           : Starting ClientServiceApplication using Java 18.0.2 with PID 8968 (C:\Users\ymx1205\Desktop\MicroService_Learning\client-service\target\classes started by ymx1205 in C:\Users\ymx1205\Desktop\MicroService_Learning\client-service)
2025-04-11T10:56:12.479+08:00  INFO 8968 --- [client-service] [main] t.x.c.ClientServiceApplication           : No active profile set, falling back to 1 default profile: "default"
2025-04-11T10:56:13.294+08:00  INFO 8968 --- [client-service] [main] o.s.b.w.embedded.tomcat.TomcatWebServer  : Tomcat initialized with port 8081 (http)
2025-04-11T10:56:13.308+08:00  INFO 8968 --- [client-service] [main] o.apache.catalina.core.StandardService   : Starting service [Tomcat]
2025-04-11T10:56:13.308+08:00  INFO 8968 --- [client-service] [main] o.apache.catalina.core.StandardEngine    : Starting Servlet engine: [Apache Tomcat/10.1.39]
2025-04-11T10:56:13.349+08:00  INFO 8968 --- [client-service] [main] o.a.c.c.C.[Tomcat].[localhost].[/]       : Initializing Spring embedded WebApplicationContext
2025-04-11T10:56:13.350+08:00  INFO 8968 --- [client-service] [main] w.s.c.ServletWebServerApplicationContext : Root WebApplicationContext: initialization completed in 841 ms
2025-04-11T10:56:14.040+08:00  INFO 8968 --- [client-service] [main] o.s.b.a.e.web.EndpointLinksResolver      : Exposing 15 endpoints beneath base path '/actuator'
2025-04-11T10:56:14.086+08:00  INFO 8968 --- [client-service] [main] o.s.b.w.embedded.tomcat.TomcatWebServer  : Tomcat started on port 8081 (http) with context path '/'
2025-04-11T10:56:14.101+08:00  INFO 8968 --- [client-service] [main] t.x.c.ClientServiceApplication           : Started ClientServiceApplication in 1.989 seconds (process running for 2.416)
2025-04-11T10:56:14.229+08:00  INFO 8968 --- [client-service] [registrationTask1] d.c.b.a.c.r.ApplicationRegistrator       : Application registered itself as 17e2480b2198
2025-04-11T10:56:14.248+08:00  INFO 8968 --- [client-service] [http-nio-8081-exec-1] o.a.c.c.C.[Tomcat].[localhost].[/]       : Initializing Spring DispatcherServlet 'dispatcherServlet'
2025-04-11T10:56:14.248+08:00  INFO 8968 --- [client-service] [http-nio-8081-exec-1] o.s.web.servlet.DispatcherServlet        : Initializing Servlet 'dispatcherServlet'
2025-04-11T10:56:14.249+08:00  INFO 8968 --- [client-service] [http-nio-8081-exec-1] o.s.web.servlet.DispatcherServlet        : Completed initialization in 1 ms
2025-04-11T10:56:20.009+08:00  INFO 8968 --- [client-service] [scheduling-1] t.x.c.ClientServiceApplication           : 正在执行计划任务...
2025-04-11T10:56:24.275+08:00  INFO 8968 --- [client-service] [SpringApplicationShutdownHook] o.s.b.w.e.tomcat.GracefulShutdown        : Commencing graceful shutdown. Waiting for active requests to complete
2025-04-11T10:56:24.397+08:00  INFO 8968 --- [client-service] [tomcat-shutdown] o.s.b.w.e.tomcat.GracefulShutdown        : Graceful shutdown complete
2025-04-11T10:57:38.555+08:00  INFO 26744 --- [client-service] [main] t.x.c.ClientServiceApplication           : Starting ClientServiceApplication using Java 18.0.2 with PID 26744 (C:\Users\ymx1205\Desktop\MicroService_Learning\client-service\target\classes started by ymx1205 in C:\Users\ymx1205\Desktop\MicroService_Learning\client-service)
2025-04-11T10:57:38.557+08:00  INFO 26744 --- [client-service] [main] t.x.c.ClientServiceApplication           : No active profile set, falling back to 1 default profile: "default"
2025-04-11T10:57:39.315+08:00  INFO 26744 --- [client-service] [main] o.s.b.w.embedded.tomcat.TomcatWebServer  : Tomcat initialized with port 8081 (http)
2025-04-11T10:57:39.325+08:00  INFO 26744 --- [client-service] [main] o.apache.catalina.core.StandardService   : Starting service [Tomcat]
2025-04-11T10:57:39.326+08:00  INFO 26744 --- [client-service] [main] o.apache.catalina.core.StandardEngine    : Starting Servlet engine: [Apache Tomcat/10.1.39]
2025-04-11T10:57:39.357+08:00  INFO 26744 --- [client-service] [main] o.a.c.c.C.[Tomcat].[localhost].[/]       : Initializing Spring embedded WebApplicationContext
2025-04-11T10:57:39.357+08:00  INFO 26744 --- [client-service] [main] w.s.c.ServletWebServerApplicationContext : Root WebApplicationContext: initialization completed in 769 ms
2025-04-11T10:57:39.969+08:00  INFO 26744 --- [client-service] [main] o.s.b.a.e.web.EndpointLinksResolver      : Exposing 15 endpoints beneath base path '/actuator'
2025-04-11T10:57:40.013+08:00  INFO 26744 --- [client-service] [main] o.s.b.w.embedded.tomcat.TomcatWebServer  : Tomcat started on port 8081 (http) with context path '/'
2025-04-11T10:57:40.029+08:00  INFO 26744 --- [client-service] [main] t.x.c.ClientServiceApplication           : Started ClientServiceApplication in 1.823 seconds (process running for 2.195)
2025-04-11T10:57:40.159+08:00  INFO 26744 --- [client-service] [registrationTask1] d.c.b.a.c.r.ApplicationRegistrator       : Application registered itself as 17e2480b2198
2025-04-11T10:57:40.175+08:00  INFO 26744 --- [client-service] [http-nio-8081-exec-1] o.a.c.c.C.[Tomcat].[localhost].[/]       : Initializing Spring DispatcherServlet 'dispatcherServlet'
2025-04-11T10:57:40.175+08:00  INFO 26744 --- [client-service] [http-nio-8081-exec-1] o.s.web.servlet.DispatcherServlet        : Initializing Servlet 'dispatcherServlet'
2025-04-11T10:57:40.176+08:00  INFO 26744 --- [client-service] [http-nio-8081-exec-1] o.s.web.servlet.DispatcherServlet        : Completed initialization in 1 ms
2025-04-11T10:57:50.014+08:00  INFO 26744 --- [client-service] [scheduling-1] t.x.c.ClientServiceApplication           : 正在执行计划任务...
2025-04-11T10:58:00.007+08:00  INFO 26744 --- [client-service] [scheduling-1] t.x.c.ClientServiceApplication           : 正在执行计划任务...
2025-04-11T10:58:10.010+08:00  INFO 26744 --- [client-service] [scheduling-1] t.x.c.ClientServiceApplication           : 正在执行计划任务...
2025-04-11T10:58:20.005+08:00  INFO 26744 --- [client-service] [scheduling-1] t.x.c.ClientServiceApplication           : 正在执行计划任务...
2025-04-11T10:58:30.005+08:00  INFO 26744 --- [client-service] [scheduling-1] t.x.c.ClientServiceApplication           : 正在执行计划任务...
2025-04-11T10:58:40.001+08:00  INFO 26744 --- [client-service] [scheduling-1] t.x.c.ClientServiceApplication           : 正在执行计划任务...
2025-04-11T10:58:50.014+08:00  INFO 26744 --- [client-service] [scheduling-1] t.x.c.ClientServiceApplication           : 正在执行计划任务...
2025-04-11T10:59:00.003+08:00  INFO 26744 --- [client-service] [scheduling-1] t.x.c.ClientServiceApplication           : 正在执行计划任务...
2025-04-11T10:59:10.006+08:00  INFO 26744 --- [client-service] [scheduling-1] t.x.c.ClientServiceApplication           : 正在执行计划任务...
2025-04-11T10:59:20.015+08:00  INFO 26744 --- [client-service] [scheduling-1] t.x.c.ClientServiceApplication           : 正在执行计划任务...
2025-04-11T10:59:30.012+08:00  INFO 26744 --- [client-service] [scheduling-1] t.x.c.ClientServiceApplication           : 正在执行计划任务...
2025-04-11T10:59:40.013+08:00  INFO 26744 --- [client-service] [scheduling-1] t.x.c.ClientServiceApplication           : 正在执行计划任务...
2025-04-11T10:59:48.750+08:00  INFO 26744 --- [client-service] [SpringApplicationShutdownHook] o.s.b.w.e.tomcat.GracefulShutdown        : Commencing graceful shutdown. Waiting for active requests to complete
2025-04-11T10:59:48.867+08:00  INFO 26744 --- [client-service] [tomcat-shutdown] o.s.b.w.e.tomcat.GracefulShutdown        : Graceful shutdown complete
2025-04-11T10:59:50.410+08:00  INFO 26392 --- [client-service] [main] t.x.c.ClientServiceApplication           : Starting ClientServiceApplication using Java 18.0.2 with PID 26392 (C:\Users\ymx1205\Desktop\MicroService_Learning\client-service\target\classes started by ymx1205 in C:\Users\ymx1205\Desktop\MicroService_Learning\client-service)
2025-04-11T10:59:50.412+08:00  INFO 26392 --- [client-service] [main] t.x.c.ClientServiceApplication           : No active profile set, falling back to 1 default profile: "default"
2025-04-11T10:59:51.202+08:00  INFO 26392 --- [client-service] [main] o.s.b.w.embedded.tomcat.TomcatWebServer  : Tomcat initialized with port 8081 (http)
2025-04-11T10:59:51.211+08:00  INFO 26392 --- [client-service] [main] o.apache.catalina.core.StandardService   : Starting service [Tomcat]
2025-04-11T10:59:51.212+08:00  INFO 26392 --- [client-service] [main] o.apache.catalina.core.StandardEngine    : Starting Servlet engine: [Apache Tomcat/10.1.39]
2025-04-11T10:59:51.242+08:00  INFO 26392 --- [client-service] [main] o.a.c.c.C.[Tomcat].[localhost].[/]       : Initializing Spring embedded WebApplicationContext
2025-04-11T10:59:51.243+08:00  INFO 26392 --- [client-service] [main] w.s.c.ServletWebServerApplicationContext : Root WebApplicationContext: initialization completed in 797 ms
2025-04-11T10:59:51.923+08:00  INFO 26392 --- [client-service] [main] o.s.b.a.e.web.EndpointLinksResolver      : Exposing 15 endpoints beneath base path '/actuator'
2025-04-11T10:59:51.962+08:00  INFO 26392 --- [client-service] [main] o.s.b.w.embedded.tomcat.TomcatWebServer  : Tomcat started on port 8081 (http) with context path '/'
2025-04-11T10:59:51.982+08:00  INFO 26392 --- [client-service] [main] t.x.c.ClientServiceApplication           : Started ClientServiceApplication in 1.921 seconds (process running for 2.326)
2025-04-11T10:59:52.137+08:00  INFO 26392 --- [client-service] [registrationTask1] d.c.b.a.c.r.ApplicationRegistrator       : Application registered itself as 17e2480b2198
2025-04-11T10:59:52.158+08:00  INFO 26392 --- [client-service] [http-nio-8081-exec-1] o.a.c.c.C.[Tomcat].[localhost].[/]       : Initializing Spring DispatcherServlet 'dispatcherServlet'
2025-04-11T10:59:52.159+08:00  INFO 26392 --- [client-service] [http-nio-8081-exec-1] o.s.web.servlet.DispatcherServlet        : Initializing Servlet 'dispatcherServlet'
2025-04-11T10:59:52.160+08:00  INFO 26392 --- [client-service] [http-nio-8081-exec-1] o.s.web.servlet.DispatcherServlet        : Completed initialization in 1 ms
2025-04-11T11:00:00.008+08:00  INFO 26392 --- [client-service] [scheduling-1] t.x.c.ClientServiceApplication           : 正在执行计划任务...
2025-04-11T11:00:02.621+08:00  INFO 26392 --- [client-service] [SpringApplicationShutdownHook] o.s.b.w.e.tomcat.GracefulShutdown        : Commencing graceful shutdown. Waiting for active requests to complete
2025-04-11T11:00:02.731+08:00  INFO 26392 --- [client-service] [tomcat-shutdown] o.s.b.w.e.tomcat.GracefulShutdown        : Graceful shutdown complete
2025-04-11T11:00:35.482+08:00  INFO 23272 --- [client-service] [main] t.x.c.ClientServiceApplication           : Starting ClientServiceApplication using Java 18.0.2 with PID 23272 (C:\Users\ymx1205\Desktop\MicroService_Learning\client-service\target\classes started by ymx1205 in C:\Users\ymx1205\Desktop\MicroService_Learning\client-service)
2025-04-11T11:00:35.483+08:00  INFO 23272 --- [client-service] [main] t.x.c.ClientServiceApplication           : No active profile set, falling back to 1 default profile: "default"
2025-04-11T11:00:36.355+08:00  INFO 23272 --- [client-service] [main] o.s.b.w.embedded.tomcat.TomcatWebServer  : Tomcat initialized with port 8081 (http)
2025-04-11T11:00:36.367+08:00  INFO 23272 --- [client-service] [main] o.apache.catalina.core.StandardService   : Starting service [Tomcat]
2025-04-11T11:00:36.367+08:00  INFO 23272 --- [client-service] [main] o.apache.catalina.core.StandardEngine    : Starting Servlet engine: [Apache Tomcat/10.1.39]
2025-04-11T11:00:36.396+08:00  INFO 23272 --- [client-service] [main] o.a.c.c.C.[Tomcat].[localhost].[/]       : Initializing Spring embedded WebApplicationContext
2025-04-11T11:00:36.397+08:00  INFO 23272 --- [client-service] [main] w.s.c.ServletWebServerApplicationContext : Root WebApplicationContext: initialization completed in 874 ms
2025-04-11T11:00:37.084+08:00  INFO 23272 --- [client-service] [main] o.s.b.a.e.web.EndpointLinksResolver      : Exposing 15 endpoints beneath base path '/actuator'
2025-04-11T11:00:37.123+08:00  INFO 23272 --- [client-service] [main] o.s.b.w.embedded.tomcat.TomcatWebServer  : Tomcat started on port 8081 (http) with context path '/'
2025-04-11T11:00:37.138+08:00  INFO 23272 --- [client-service] [main] t.x.c.ClientServiceApplication           : Started ClientServiceApplication in 2.025 seconds (process running for 2.394)
2025-04-11T11:00:37.260+08:00  INFO 23272 --- [client-service] [registrationTask1] d.c.b.a.c.r.ApplicationRegistrator       : Application registered itself as 17e2480b2198
2025-04-11T11:00:37.276+08:00  INFO 23272 --- [client-service] [http-nio-8081-exec-1] o.a.c.c.C.[Tomcat].[localhost].[/]       : Initializing Spring DispatcherServlet 'dispatcherServlet'
2025-04-11T11:00:37.277+08:00  INFO 23272 --- [client-service] [http-nio-8081-exec-1] o.s.web.servlet.DispatcherServlet        : Initializing Servlet 'dispatcherServlet'
2025-04-11T11:00:37.277+08:00  INFO 23272 --- [client-service] [http-nio-8081-exec-1] o.s.web.servlet.DispatcherServlet        : Completed initialization in 0 ms
2025-04-11T11:00:40.015+08:00  INFO 23272 --- [client-service] [scheduling-1] t.x.c.ClientServiceApplication           : 正在执行计划任务...
2025-04-11T11:00:50.012+08:00  INFO 23272 --- [client-service] [scheduling-1] t.x.c.ClientServiceApplication           : 正在执行计划任务...
2025-04-11T11:01:00.001+08:00  INFO 23272 --- [client-service] [scheduling-1] t.x.c.ClientServiceApplication           : 正在执行计划任务...
2025-04-11T11:01:10.006+08:00  INFO 23272 --- [client-service] [scheduling-1] t.x.c.ClientServiceApplication           : 正在执行计划任务...
2025-04-11T11:01:20.002+08:00  INFO 23272 --- [client-service] [scheduling-1] t.x.c.ClientServiceApplication           : 正在执行计划任务...
2025-04-11T11:01:30.008+08:00  INFO 23272 --- [client-service] [scheduling-1] t.x.c.ClientServiceApplication           : 正在执行计划任务...
2025-04-11T11:01:40.014+08:00  INFO 23272 --- [client-service] [scheduling-1] t.x.c.ClientServiceApplication           : 正在执行计划任务...
2025-04-11T11:01:50.000+08:00  INFO 23272 --- [client-service] [scheduling-1] t.x.c.ClientServiceApplication           : 正在执行计划任务...
2025-04-11T11:02:00.003+08:00  INFO 23272 --- [client-service] [scheduling-1] t.x.c.ClientServiceApplication           : 正在执行计划任务...
2025-04-11T11:02:10.001+08:00  INFO 23272 --- [client-service] [scheduling-1] t.x.c.ClientServiceApplication           : 正在执行计划任务...
2025-04-11T11:02:17.160+08:00  WARN 23272 --- [client-service] [registrationTask1] d.c.b.a.c.r.ApplicationRegistrator       : Failed to register application as Application(name=client-service, managementUrl=http://DESKTOP-N0PS8SF:8081/actuator, healthUrl=http://DESKTOP-N0PS8SF:8081/actuator/health, serviceUrl=http://DESKTOP-N0PS8SF:8081/) at spring-boot-admin ([http://localhost:8080/instances]): I/O error on POST request for "http://localhost:8080/instances": HTTP/1.1 header parser received no bytes. Further attempts are logged on DEBUG level
2025-04-11T11:02:20.006+08:00  INFO 23272 --- [client-service] [scheduling-1] t.x.c.ClientServiceApplication           : 正在执行计划任务...
2025-04-11T11:02:30.006+08:00  INFO 23272 --- [client-service] [scheduling-1] t.x.c.ClientServiceApplication           : 正在执行计划任务...
2025-04-11T11:02:36.836+08:00  INFO 23272 --- [client-service] [SpringApplicationShutdownHook] o.s.b.w.e.tomcat.GracefulShutdown        : Commencing graceful shutdown. Waiting for active requests to complete
2025-04-11T11:02:36.945+08:00  INFO 23272 --- [client-service] [tomcat-shutdown] o.s.b.w.e.tomcat.GracefulShutdown        : Graceful shutdown complete
2025-04-11T11:02:39.124+08:00  INFO 25736 --- [client-service] [main] t.x.c.ClientServiceApplication           : Starting ClientServiceApplication using Java 18.0.2 with PID 25736 (C:\Users\ymx1205\Desktop\MicroService_Learning\client-service\target\classes started by ymx1205 in C:\Users\ymx1205\Desktop\MicroService_Learning\client-service)
2025-04-11T11:02:39.127+08:00  INFO 25736 --- [client-service] [main] t.x.c.ClientServiceApplication           : No active profile set, falling back to 1 default profile: "default"
2025-04-11T11:02:39.887+08:00  INFO 25736 --- [client-service] [main] o.s.b.w.embedded.tomcat.TomcatWebServer  : Tomcat initialized with port 8081 (http)
2025-04-11T11:02:39.898+08:00  INFO 25736 --- [client-service] [main] o.apache.catalina.core.StandardService   : Starting service [Tomcat]
2025-04-11T11:02:39.898+08:00  INFO 25736 --- [client-service] [main] o.apache.catalina.core.StandardEngine    : Starting Servlet engine: [Apache Tomcat/10.1.39]
2025-04-11T11:02:39.931+08:00  INFO 25736 --- [client-service] [main] o.a.c.c.C.[Tomcat].[localhost].[/]       : Initializing Spring embedded WebApplicationContext
2025-04-11T11:02:39.931+08:00  INFO 25736 --- [client-service] [main] w.s.c.ServletWebServerApplicationContext : Root WebApplicationContext: initialization completed in 776 ms
2025-04-11T11:02:40.383+08:00  INFO 25736 --- [client-service] [main] o.s.b.a.e.web.EndpointLinksResolver      : Exposing 15 endpoints beneath base path '/actuator'
2025-04-11T11:02:40.432+08:00  INFO 25736 --- [client-service] [main] o.s.b.w.embedded.tomcat.TomcatWebServer  : Tomcat started on port 8081 (http) with context path '/'
2025-04-11T11:02:40.446+08:00  INFO 25736 --- [client-service] [main] t.x.c.ClientServiceApplication           : Started ClientServiceApplication in 1.721 seconds (process running for 2.147)
2025-04-11T11:02:40.954+08:00  INFO 25736 --- [client-service] [RMI TCP Connection(2)-10.20.11.19] o.a.c.c.C.[Tomcat].[localhost].[/]       : Initializing Spring DispatcherServlet 'dispatcherServlet'
2025-04-11T11:02:40.954+08:00  INFO 25736 --- [client-service] [RMI TCP Connection(2)-10.20.11.19] o.s.web.servlet.DispatcherServlet        : Initializing Servlet 'dispatcherServlet'
2025-04-11T11:02:40.955+08:00  INFO 25736 --- [client-service] [RMI TCP Connection(2)-10.20.11.19] o.s.web.servlet.DispatcherServlet        : Completed initialization in 1 ms
2025-04-11T11:02:43.857+08:00  INFO 25736 --- [client-service] [SpringApplicationShutdownHook] o.s.b.w.e.tomcat.GracefulShutdown        : Commencing graceful shutdown. Waiting for active requests to complete
2025-04-11T11:02:43.976+08:00  INFO 25736 --- [client-service] [tomcat-shutdown] o.s.b.w.e.tomcat.GracefulShutdown        : Graceful shutdown complete
2025-04-11T11:04:52.819+08:00  INFO 1048 --- [client-service] [main] t.x.c.ClientServiceApplication           : Starting ClientServiceApplication using Java 18.0.2 with PID 1048 (C:\Users\ymx1205\Desktop\MicroService_Learning\client-service\target\classes started by ymx1205 in C:\Users\ymx1205\Desktop\MicroService_Learning\client-service)
2025-04-11T11:04:52.820+08:00  INFO 1048 --- [client-service] [main] t.x.c.ClientServiceApplication           : No active profile set, falling back to 1 default profile: "default"
2025-04-11T11:04:53.528+08:00  INFO 1048 --- [client-service] [main] o.s.b.w.embedded.tomcat.TomcatWebServer  : Tomcat initialized with port 8081 (http)
2025-04-11T11:04:53.543+08:00  INFO 1048 --- [client-service] [main] o.apache.catalina.core.StandardService   : Starting service [Tomcat]
2025-04-11T11:04:53.544+08:00  INFO 1048 --- [client-service] [main] o.apache.catalina.core.StandardEngine    : Starting Servlet engine: [Apache Tomcat/10.1.39]
2025-04-11T11:04:53.573+08:00  INFO 1048 --- [client-service] [main] o.a.c.c.C.[Tomcat].[localhost].[/]       : Initializing Spring embedded WebApplicationContext
2025-04-11T11:04:53.574+08:00  INFO 1048 --- [client-service] [main] w.s.c.ServletWebServerApplicationContext : Root WebApplicationContext: initialization completed in 725 ms
2025-04-11T11:04:53.994+08:00  INFO 1048 --- [client-service] [main] o.s.b.a.e.web.EndpointLinksResolver      : Exposing 15 endpoints beneath base path '/actuator'
2025-04-11T11:04:54.040+08:00  INFO 1048 --- [client-service] [main] o.s.b.w.embedded.tomcat.TomcatWebServer  : Tomcat started on port 8081 (http) with context path '/'
2025-04-11T11:04:54.053+08:00  INFO 1048 --- [client-service] [main] t.x.c.ClientServiceApplication           : Started ClientServiceApplication in 1.581 seconds (process running for 1.963)
2025-04-11T11:04:54.431+08:00  INFO 1048 --- [client-service] [RMI TCP Connection(1)-10.20.11.19] o.a.c.c.C.[Tomcat].[localhost].[/]       : Initializing Spring DispatcherServlet 'dispatcherServlet'
2025-04-11T11:04:54.431+08:00  INFO 1048 --- [client-service] [RMI TCP Connection(1)-10.20.11.19] o.s.web.servlet.DispatcherServlet        : Initializing Servlet 'dispatcherServlet'
2025-04-11T11:04:54.432+08:00  INFO 1048 --- [client-service] [RMI TCP Connection(1)-10.20.11.19] o.s.web.servlet.DispatcherServlet        : Completed initialization in 1 ms
2025-04-11T11:05:00.023+08:00  INFO 1048 --- [client-service] [scheduling-1] t.x.c.ClientServiceApplication           : 正在执行计划任务...
2025-04-11T11:05:05.385+08:00  INFO 1048 --- [client-service] [SpringApplicationShutdownHook] o.s.b.w.e.tomcat.GracefulShutdown        : Commencing graceful shutdown. Waiting for active requests to complete
2025-04-11T11:05:05.498+08:00  INFO 1048 --- [client-service] [tomcat-shutdown] o.s.b.w.e.tomcat.GracefulShutdown        : Graceful shutdown complete
2025-04-11T11:05:58.248+08:00  INFO 17268 --- [client-service] [main] t.x.c.ClientServiceApplication           : Starting ClientServiceApplication using Java 18.0.2 with PID 17268 (C:\Users\ymx1205\Desktop\MicroService_Learning\client-service\target\classes started by ymx1205 in C:\Users\ymx1205\Desktop\MicroService_Learning\client-service)
2025-04-11T11:05:58.253+08:00  INFO 17268 --- [client-service] [main] t.x.c.ClientServiceApplication           : No active profile set, falling back to 1 default profile: "default"
2025-04-11T11:05:59.023+08:00  INFO 17268 --- [client-service] [main] o.s.b.w.embedded.tomcat.TomcatWebServer  : Tomcat initialized with port 8081 (http)
2025-04-11T11:05:59.033+08:00  INFO 17268 --- [client-service] [main] o.apache.catalina.core.StandardService   : Starting service [Tomcat]
2025-04-11T11:05:59.033+08:00  INFO 17268 --- [client-service] [main] o.apache.catalina.core.StandardEngine    : Starting Servlet engine: [Apache Tomcat/10.1.39]
2025-04-11T11:05:59.064+08:00  INFO 17268 --- [client-service] [main] o.a.c.c.C.[Tomcat].[localhost].[/]       : Initializing Spring embedded WebApplicationContext
2025-04-11T11:05:59.064+08:00  INFO 17268 --- [client-service] [main] w.s.c.ServletWebServerApplicationContext : Root WebApplicationContext: initialization completed in 780 ms
2025-04-11T11:05:59.631+08:00  INFO 17268 --- [client-service] [main] o.s.b.a.e.web.EndpointLinksResolver      : Exposing 15 endpoints beneath base path '/actuator'
2025-04-11T11:05:59.669+08:00  INFO 17268 --- [client-service] [main] o.s.b.w.embedded.tomcat.TomcatWebServer  : Tomcat started on port 8081 (http) with context path '/'
2025-04-11T11:05:59.684+08:00  INFO 17268 --- [client-service] [main] t.x.c.ClientServiceApplication           : Started ClientServiceApplication in 1.828 seconds (process running for 2.22)
2025-04-11T11:05:59.858+08:00  INFO 17268 --- [client-service] [registrationTask1] d.c.b.a.c.r.ApplicationRegistrator       : Application registered itself as 17e2480b2198
2025-04-11T11:05:59.862+08:00  INFO 17268 --- [client-service] [http-nio-8081-exec-1] o.a.c.c.C.[Tomcat].[localhost].[/]       : Initializing Spring DispatcherServlet 'dispatcherServlet'
2025-04-11T11:05:59.863+08:00  INFO 17268 --- [client-service] [http-nio-8081-exec-1] o.s.web.servlet.DispatcherServlet        : Initializing Servlet 'dispatcherServlet'
2025-04-11T11:05:59.865+08:00  INFO 17268 --- [client-service] [http-nio-8081-exec-1] o.s.web.servlet.DispatcherServlet        : Completed initialization in 2 ms
2025-04-11T11:06:00.005+08:00  INFO 17268 --- [client-service] [scheduling-1] t.x.c.ClientServiceApplication           : 正在执行计划任务...
2025-04-11T11:06:10.012+08:00  INFO 17268 --- [client-service] [scheduling-1] t.x.c.ClientServiceApplication           : 正在执行计划任务...
2025-04-11T11:06:10.422+08:00  INFO 17268 --- [client-service] [SpringApplicationShutdownHook] o.s.b.w.e.tomcat.GracefulShutdown        : Commencing graceful shutdown. Waiting for active requests to complete
2025-04-11T11:06:10.534+08:00  INFO 17268 --- [client-service] [tomcat-shutdown] o.s.b.w.e.tomcat.GracefulShutdown        : Graceful shutdown complete
2025-04-11T11:06:27.406+08:00  INFO 14720 --- [client-service] [main] t.x.c.ClientServiceApplication           : Starting ClientServiceApplication using Java 18.0.2 with PID 14720 (C:\Users\ymx1205\Desktop\MicroService_Learning\client-service\target\classes started by ymx1205 in C:\Users\ymx1205\Desktop\MicroService_Learning\client-service)
2025-04-11T11:06:27.409+08:00  INFO 14720 --- [client-service] [main] t.x.c.ClientServiceApplication           : No active profile set, falling back to 1 default profile: "default"
2025-04-11T11:06:28.247+08:00  INFO 14720 --- [client-service] [main] o.s.b.w.embedded.tomcat.TomcatWebServer  : Tomcat initialized with port 8081 (http)
2025-04-11T11:06:28.260+08:00  INFO 14720 --- [client-service] [main] o.apache.catalina.core.StandardService   : Starting service [Tomcat]
2025-04-11T11:06:28.260+08:00  INFO 14720 --- [client-service] [main] o.apache.catalina.core.StandardEngine    : Starting Servlet engine: [Apache Tomcat/10.1.39]
2025-04-11T11:06:28.295+08:00  INFO 14720 --- [client-service] [main] o.a.c.c.C.[Tomcat].[localhost].[/]       : Initializing Spring embedded WebApplicationContext
2025-04-11T11:06:28.295+08:00  INFO 14720 --- [client-service] [main] w.s.c.ServletWebServerApplicationContext : Root WebApplicationContext: initialization completed in 853 ms
2025-04-11T11:06:28.881+08:00  INFO 14720 --- [client-service] [main] o.s.b.a.e.web.EndpointLinksResolver      : Exposing 15 endpoints beneath base path '/actuator'
2025-04-11T11:06:28.922+08:00  INFO 14720 --- [client-service] [main] o.s.b.w.embedded.tomcat.TomcatWebServer  : Tomcat started on port 8081 (http) with context path '/'
2025-04-11T11:06:28.936+08:00  INFO 14720 --- [client-service] [main] t.x.c.ClientServiceApplication           : Started ClientServiceApplication in 1.888 seconds (process running for 2.286)
2025-04-11T11:06:29.078+08:00  INFO 14720 --- [client-service] [registrationTask1] d.c.b.a.c.r.ApplicationRegistrator       : Application registered itself as 17e2480b2198
2025-04-11T11:06:29.097+08:00  INFO 14720 --- [client-service] [http-nio-8081-exec-1] o.a.c.c.C.[Tomcat].[localhost].[/]       : Initializing Spring DispatcherServlet 'dispatcherServlet'
2025-04-11T11:06:29.099+08:00  INFO 14720 --- [client-service] [http-nio-8081-exec-1] o.s.web.servlet.DispatcherServlet        : Initializing Servlet 'dispatcherServlet'
2025-04-11T11:06:29.100+08:00  INFO 14720 --- [client-service] [http-nio-8081-exec-1] o.s.web.servlet.DispatcherServlet        : Completed initialization in 1 ms
2025-04-11T11:06:30.008+08:00  INFO 14720 --- [client-service] [scheduling-1] t.x.c.ClientServiceApplication           : 正在执行计划任务...
2025-04-11T11:06:40.006+08:00  INFO 14720 --- [client-service] [scheduling-1] t.x.c.ClientServiceApplication           : 正在执行计划任务...
2025-04-11T11:06:50.004+08:00  INFO 14720 --- [client-service] [scheduling-1] t.x.c.ClientServiceApplication           : 正在执行计划任务...
2025-04-11T11:07:00.012+08:00  INFO 14720 --- [client-service] [scheduling-1] t.x.c.ClientServiceApplication           : 正在执行计划任务...
2025-04-11T11:07:10.004+08:00  INFO 14720 --- [client-service] [scheduling-1] t.x.c.ClientServiceApplication           : 正在执行计划任务...
2025-04-11T11:07:20.014+08:00  INFO 14720 --- [client-service] [scheduling-1] t.x.c.ClientServiceApplication           : 正在执行计划任务...
2025-04-11T11:07:30.010+08:00  INFO 14720 --- [client-service] [scheduling-1] t.x.c.ClientServiceApplication           : 正在执行计划任务...
2025-04-11T11:07:40.007+08:00  INFO 14720 --- [client-service] [scheduling-1] t.x.c.ClientServiceApplication           : 正在执行计划任务...
2025-04-11T11:07:50.006+08:00  INFO 14720 --- [client-service] [scheduling-1] t.x.c.ClientServiceApplication           : 正在执行计划任务...
2025-04-11T11:08:00.010+08:00  INFO 14720 --- [client-service] [scheduling-1] t.x.c.ClientServiceApplication           : 正在执行计划任务...
2025-04-11T11:08:10.011+08:00  INFO 14720 --- [client-service] [scheduling-1] t.x.c.ClientServiceApplication           : 正在执行计划任务...
2025-04-11T11:08:20.014+08:00  INFO 14720 --- [client-service] [scheduling-1] t.x.c.ClientServiceApplication           : 正在执行计划任务...
2025-04-11T11:08:30.003+08:00  INFO 14720 --- [client-service] [scheduling-1] t.x.c.ClientServiceApplication           : 正在执行计划任务...
2025-04-11T11:08:40.006+08:00  INFO 14720 --- [client-service] [scheduling-1] t.x.c.ClientServiceApplication           : 正在执行计划任务...
2025-04-11T11:08:50.002+08:00  INFO 14720 --- [client-service] [scheduling-1] t.x.c.ClientServiceApplication           : 正在执行计划任务...
2025-04-11T11:09:00.003+08:00  INFO 14720 --- [client-service] [scheduling-1] t.x.c.ClientServiceApplication           : 正在执行计划任务...
2025-04-11T11:09:10.013+08:00  INFO 14720 --- [client-service] [scheduling-1] t.x.c.ClientServiceApplication           : 正在执行计划任务...
2025-04-11T11:09:20.005+08:00  INFO 14720 --- [client-service] [scheduling-1] t.x.c.ClientServiceApplication           : 正在执行计划任务...
2025-04-11T11:09:30.002+08:00  INFO 14720 --- [client-service] [scheduling-1] t.x.c.ClientServiceApplication           : 正在执行计划任务...
2025-04-11T11:09:40.003+08:00  INFO 14720 --- [client-service] [scheduling-1] t.x.c.ClientServiceApplication           : 正在执行计划任务...
2025-04-11T11:09:50.015+08:00  INFO 14720 --- [client-service] [scheduling-1] t.x.c.ClientServiceApplication           : 正在执行计划任务...
2025-04-11T11:10:00.010+08:00  INFO 14720 --- [client-service] [scheduling-1] t.x.c.ClientServiceApplication           : 正在执行计划任务...
2025-04-11T11:10:10.011+08:00  INFO 14720 --- [client-service] [scheduling-1] t.x.c.ClientServiceApplication           : 正在执行计划任务...
2025-04-11T11:10:20.008+08:00  INFO 14720 --- [client-service] [scheduling-1] t.x.c.ClientServiceApplication           : 正在执行计划任务...
2025-04-11T11:10:30.015+08:00  INFO 14720 --- [client-service] [scheduling-1] t.x.c.ClientServiceApplication           : 正在执行计划任务...
2025-04-11T11:10:40.007+08:00  INFO 14720 --- [client-service] [scheduling-1] t.x.c.ClientServiceApplication           : 正在执行计划任务...
2025-04-11T11:10:50.007+08:00  INFO 14720 --- [client-service] [scheduling-1] t.x.c.ClientServiceApplication           : 正在执行计划任务...
2025-04-11T11:11:00.014+08:00  INFO 14720 --- [client-service] [scheduling-1] t.x.c.ClientServiceApplication           : 正在执行计划任务...
2025-04-11T11:11:10.013+08:00  INFO 14720 --- [client-service] [scheduling-1] t.x.c.ClientServiceApplication           : 正在执行计划任务...
2025-04-11T11:11:20.009+08:00  INFO 14720 --- [client-service] [scheduling-1] t.x.c.ClientServiceApplication           : 正在执行计划任务...
2025-04-11T11:11:30.002+08:00  INFO 14720 --- [client-service] [scheduling-1] t.x.c.ClientServiceApplication           : 正在执行计划任务...
2025-04-11T11:11:40.006+08:00  INFO 14720 --- [client-service] [scheduling-1] t.x.c.ClientServiceApplication           : 正在执行计划任务...
2025-04-11T11:11:50.011+08:00  INFO 14720 --- [client-service] [scheduling-1] t.x.c.ClientServiceApplication           : 正在执行计划任务...
2025-04-11T11:12:00.006+08:00  INFO 14720 --- [client-service] [scheduling-1] t.x.c.ClientServiceApplication           : 正在执行计划任务...
2025-04-11T11:12:10.007+08:00  INFO 14720 --- [client-service] [scheduling-1] t.x.c.ClientServiceApplication           : 正在执行计划任务...
2025-04-11T11:12:20.013+08:00  INFO 14720 --- [client-service] [scheduling-1] t.x.c.ClientServiceApplication           : 正在执行计划任务...
2025-04-11T11:12:30.007+08:00  INFO 14720 --- [client-service] [scheduling-1] t.x.c.ClientServiceApplication           : 正在执行计划任务...
2025-04-11T11:12:40.005+08:00  INFO 14720 --- [client-service] [scheduling-1] t.x.c.ClientServiceApplication           : 正在执行计划任务...
2025-04-11T11:12:50.003+08:00  INFO 14720 --- [client-service] [scheduling-1] t.x.c.ClientServiceApplication           : 正在执行计划任务...
2025-04-11T11:13:00.010+08:00  INFO 14720 --- [client-service] [scheduling-1] t.x.c.ClientServiceApplication           : 正在执行计划任务...
2025-04-11T11:13:10.001+08:00  INFO 14720 --- [client-service] [scheduling-1] t.x.c.ClientServiceApplication           : 正在执行计划任务...
2025-04-11T11:13:20.009+08:00  INFO 14720 --- [client-service] [scheduling-1] t.x.c.ClientServiceApplication           : 正在执行计划任务...
2025-04-11T11:13:30.005+08:00  INFO 14720 --- [client-service] [scheduling-1] t.x.c.ClientServiceApplication           : 正在执行计划任务...
2025-04-11T11:13:40.000+08:00  INFO 14720 --- [client-service] [scheduling-1] t.x.c.ClientServiceApplication           : 正在执行计划任务...
2025-04-11T11:13:50.013+08:00  INFO 14720 --- [client-service] [scheduling-1] t.x.c.ClientServiceApplication           : 正在执行计划任务...
2025-04-11T11:14:00.004+08:00  INFO 14720 --- [client-service] [scheduling-1] t.x.c.ClientServiceApplication           : 正在执行计划任务...
2025-04-11T11:14:10.006+08:00  INFO 14720 --- [client-service] [scheduling-1] t.x.c.ClientServiceApplication           : 正在执行计划任务...
2025-04-11T11:14:20.014+08:00  INFO 14720 --- [client-service] [scheduling-1] t.x.c.ClientServiceApplication           : 正在执行计划任务...
2025-04-11T11:14:30.009+08:00  INFO 14720 --- [client-service] [scheduling-1] t.x.c.ClientServiceApplication           : 正在执行计划任务...
2025-04-11T11:14:40.014+08:00  INFO 14720 --- [client-service] [scheduling-1] t.x.c.ClientServiceApplication           : 正在执行计划任务...
2025-04-11T11:14:50.009+08:00  INFO 14720 --- [client-service] [scheduling-1] t.x.c.ClientServiceApplication           : 正在执行计划任务...
2025-04-11T11:15:00.003+08:00  INFO 14720 --- [client-service] [scheduling-1] t.x.c.ClientServiceApplication           : 正在执行计划任务...
2025-04-11T11:15:10.002+08:00  INFO 14720 --- [client-service] [scheduling-1] t.x.c.ClientServiceApplication           : 正在执行计划任务...
2025-04-11T11:15:20.004+08:00  INFO 14720 --- [client-service] [scheduling-1] t.x.c.ClientServiceApplication           : 正在执行计划任务...
2025-04-11T11:15:30.009+08:00  INFO 14720 --- [client-service] [scheduling-1] t.x.c.ClientServiceApplication           : 正在执行计划任务...
2025-04-11T11:15:40.008+08:00  INFO 14720 --- [client-service] [scheduling-1] t.x.c.ClientServiceApplication           : 正在执行计划任务...
2025-04-11T11:15:50.002+08:00  INFO 14720 --- [client-service] [scheduling-1] t.x.c.ClientServiceApplication           : 正在执行计划任务...
2025-04-11T11:16:00.003+08:00  INFO 14720 --- [client-service] [scheduling-1] t.x.c.ClientServiceApplication           : 正在执行计划任务...
2025-04-11T11:16:10.009+08:00  INFO 14720 --- [client-service] [scheduling-1] t.x.c.ClientServiceApplication           : 正在执行计划任务...
2025-04-11T11:16:20.012+08:00  INFO 14720 --- [client-service] [scheduling-1] t.x.c.ClientServiceApplication           : 正在执行计划任务...
2025-04-11T11:16:30.003+08:00  INFO 14720 --- [client-service] [scheduling-1] t.x.c.ClientServiceApplication           : 正在执行计划任务...
2025-04-11T11:16:40.001+08:00  INFO 14720 --- [client-service] [scheduling-1] t.x.c.ClientServiceApplication           : 正在执行计划任务...
2025-04-11T11:16:50.014+08:00  INFO 14720 --- [client-service] [scheduling-1] t.x.c.ClientServiceApplication           : 正在执行计划任务...
2025-04-11T11:16:58.949+08:00  WARN 14720 --- [client-service] [registrationTask1] d.c.b.a.c.r.ApplicationRegistrator       : Failed to register application as Application(name=client-service, managementUrl=http://DESKTOP-N0PS8SF:8081/actuator, healthUrl=http://DESKTOP-N0PS8SF:8081/actuator/health, serviceUrl=http://DESKTOP-N0PS8SF:8081/) at spring-boot-admin ([http://localhost:8080/instances]): I/O error on POST request for "http://localhost:8080/instances": HTTP/1.1 header parser received no bytes. Further attempts are logged on DEBUG level
2025-04-11T11:17:00.001+08:00  INFO 14720 --- [client-service] [scheduling-1] t.x.c.ClientServiceApplication           : 正在执行计划任务...
2025-04-11T11:17:09.411+08:00  INFO 14720 --- [client-service] [SpringApplicationShutdownHook] o.s.b.w.e.tomcat.GracefulShutdown        : Commencing graceful shutdown. Waiting for active requests to complete
2025-04-11T11:17:09.528+08:00  INFO 14720 --- [client-service] [tomcat-shutdown] o.s.b.w.e.tomcat.GracefulShutdown        : Graceful shutdown complete
2025-04-11T11:17:11.102+08:00  INFO 21992 --- [client-service] [main] t.x.c.ClientServiceApplication           : Starting ClientServiceApplication using Java 18.0.2 with PID 21992 (C:\Users\ymx1205\Desktop\MicroService_Learning\client-service\target\classes started by ymx1205 in C:\Users\ymx1205\Desktop\MicroService_Learning\client-service)
2025-04-11T11:17:11.103+08:00  INFO 21992 --- [client-service] [main] t.x.c.ClientServiceApplication           : No active profile set, falling back to 1 default profile: "default"
2025-04-11T11:17:11.844+08:00  INFO 21992 --- [client-service] [main] o.s.b.w.embedded.tomcat.TomcatWebServer  : Tomcat initialized with port 8081 (http)
2025-04-11T11:17:11.859+08:00  INFO 21992 --- [client-service] [main] o.apache.catalina.core.StandardService   : Starting service [Tomcat]
2025-04-11T11:17:11.859+08:00  INFO 21992 --- [client-service] [main] o.apache.catalina.core.StandardEngine    : Starting Servlet engine: [Apache Tomcat/10.1.39]
2025-04-11T11:17:11.890+08:00  INFO 21992 --- [client-service] [main] o.a.c.c.C.[Tomcat].[localhost].[/]       : Initializing Spring embedded WebApplicationContext
2025-04-11T11:17:11.890+08:00  INFO 21992 --- [client-service] [main] w.s.c.ServletWebServerApplicationContext : Root WebApplicationContext: initialization completed in 756 ms
2025-04-11T11:17:12.456+08:00  INFO 21992 --- [client-service] [main] o.s.b.a.e.web.EndpointLinksResolver      : Exposing 15 endpoints beneath base path '/actuator'
2025-04-11T11:17:12.499+08:00  INFO 21992 --- [client-service] [main] o.s.b.w.embedded.tomcat.TomcatWebServer  : Tomcat started on port 8081 (http) with context path '/'
2025-04-11T11:17:12.522+08:00  INFO 21992 --- [client-service] [main] t.x.c.ClientServiceApplication           : Started ClientServiceApplication in 1.778 seconds (process running for 2.153)
2025-04-11T11:17:12.659+08:00  INFO 21992 --- [client-service] [registrationTask1] d.c.b.a.c.r.ApplicationRegistrator       : Application registered itself as 17e2480b2198
2025-04-11T11:17:12.672+08:00  INFO 21992 --- [client-service] [http-nio-8081-exec-3] o.a.c.c.C.[Tomcat].[localhost].[/]       : Initializing Spring DispatcherServlet 'dispatcherServlet'
2025-04-11T11:17:12.672+08:00  INFO 21992 --- [client-service] [http-nio-8081-exec-3] o.s.web.servlet.DispatcherServlet        : Initializing Servlet 'dispatcherServlet'
2025-04-11T11:17:12.673+08:00  INFO 21992 --- [client-service] [http-nio-8081-exec-3] o.s.web.servlet.DispatcherServlet        : Completed initialization in 1 ms
2025-04-11T11:17:20.012+08:00  INFO 21992 --- [client-service] [scheduling-1] t.x.c.ClientServiceApplication           : 正在执行计划任务...
2025-04-11T11:17:23.690+08:00  INFO 21992 --- [client-service] [SpringApplicationShutdownHook] o.s.b.w.e.tomcat.GracefulShutdown        : Commencing graceful shutdown. Waiting for active requests to complete
2025-04-11T11:17:23.812+08:00  INFO 21992 --- [client-service] [tomcat-shutdown] o.s.b.w.e.tomcat.GracefulShutdown        : Graceful shutdown complete
2025-04-11T11:17:52.742+08:00  INFO 26740 --- [client-service] [main] t.x.c.ClientServiceApplication           : Starting ClientServiceApplication using Java 18.0.2 with PID 26740 (C:\Users\ymx1205\Desktop\MicroService_Learning\client-service\target\classes started by ymx1205 in C:\Users\ymx1205\Desktop\MicroService_Learning\client-service)
2025-04-11T11:17:52.744+08:00  INFO 26740 --- [client-service] [main] t.x.c.ClientServiceApplication           : No active profile set, falling back to 1 default profile: "default"
2025-04-11T11:17:53.546+08:00  INFO 26740 --- [client-service] [main] o.s.b.w.embedded.tomcat.TomcatWebServer  : Tomcat initialized with port 8081 (http)
2025-04-11T11:17:53.556+08:00  INFO 26740 --- [client-service] [main] o.apache.catalina.core.StandardService   : Starting service [Tomcat]
2025-04-11T11:17:53.556+08:00  INFO 26740 --- [client-service] [main] o.apache.catalina.core.StandardEngine    : Starting Servlet engine: [Apache Tomcat/10.1.39]
2025-04-11T11:17:53.592+08:00  INFO 26740 --- [client-service] [main] o.a.c.c.C.[Tomcat].[localhost].[/]       : Initializing Spring embedded WebApplicationContext
2025-04-11T11:17:53.592+08:00  INFO 26740 --- [client-service] [main] w.s.c.ServletWebServerApplicationContext : Root WebApplicationContext: initialization completed in 819 ms
2025-04-11T11:17:54.199+08:00  INFO 26740 --- [client-service] [main] o.s.b.a.e.web.EndpointLinksResolver      : Exposing 15 endpoints beneath base path '/actuator'
2025-04-11T11:17:54.242+08:00  INFO 26740 --- [client-service] [main] o.s.b.w.embedded.tomcat.TomcatWebServer  : Tomcat started on port 8081 (http) with context path '/'
2025-04-11T11:17:54.259+08:00  INFO 26740 --- [client-service] [main] t.x.c.ClientServiceApplication           : Started ClientServiceApplication in 1.898 seconds (process running for 2.301)
2025-04-11T11:17:54.407+08:00  INFO 26740 --- [client-service] [registrationTask1] d.c.b.a.c.r.ApplicationRegistrator       : Application registered itself as 17e2480b2198
2025-04-11T11:17:54.423+08:00  INFO 26740 --- [client-service] [http-nio-8081-exec-1] o.a.c.c.C.[Tomcat].[localhost].[/]       : Initializing Spring DispatcherServlet 'dispatcherServlet'
2025-04-11T11:17:54.424+08:00  INFO 26740 --- [client-service] [http-nio-8081-exec-1] o.s.web.servlet.DispatcherServlet        : Initializing Servlet 'dispatcherServlet'
2025-04-11T11:17:54.425+08:00  INFO 26740 --- [client-service] [http-nio-8081-exec-1] o.s.web.servlet.DispatcherServlet        : Completed initialization in 1 ms
2025-04-11T11:18:00.005+08:00  INFO 26740 --- [client-service] [scheduling-1] t.x.c.ClientServiceApplication           : 正在执行计划任务...
2025-04-11T11:18:10.001+08:00  INFO 26740 --- [client-service] [scheduling-1] t.x.c.ClientServiceApplication           : 正在执行计划任务...
2025-04-11T11:18:20.005+08:00  INFO 26740 --- [client-service] [scheduling-1] t.x.c.ClientServiceApplication           : 正在执行计划任务...
2025-04-11T11:18:30.013+08:00  INFO 26740 --- [client-service] [scheduling-1] t.x.c.ClientServiceApplication           : 正在执行计划任务...
2025-04-11T11:18:40.003+08:00  INFO 26740 --- [client-service] [scheduling-1] t.x.c.ClientServiceApplication           : 正在执行计划任务...
2025-04-11T11:18:50.005+08:00  INFO 26740 --- [client-service] [scheduling-1] t.x.c.ClientServiceApplication           : 正在执行计划任务...
2025-04-11T11:19:00.002+08:00  INFO 26740 --- [client-service] [scheduling-1] t.x.c.ClientServiceApplication           : 正在执行计划任务...
2025-04-11T11:19:10.002+08:00  INFO 26740 --- [client-service] [scheduling-1] t.x.c.ClientServiceApplication           : 正在执行计划任务...
2025-04-11T11:19:14.291+08:00  WARN 26740 --- [client-service] [registrationTask1] d.c.b.a.c.r.ApplicationRegistrator       : Failed to register application as Application(name=client-service, managementUrl=http://DESKTOP-N0PS8SF:8081/actuator, healthUrl=http://DESKTOP-N0PS8SF:8081/actuator/health, serviceUrl=http://DESKTOP-N0PS8SF:8081/) at spring-boot-admin ([http://localhost:8080/instances]): I/O error on POST request for "http://localhost:8080/instances": HTTP/1.1 header parser received no bytes. Further attempts are logged on DEBUG level
2025-04-11T11:19:20.002+08:00  INFO 26740 --- [client-service] [scheduling-1] t.x.c.ClientServiceApplication           : 正在执行计划任务...
2025-04-11T11:19:30.000+08:00  INFO 26740 --- [client-service] [scheduling-1] t.x.c.ClientServiceApplication           : 正在执行计划任务...
2025-04-11T11:19:40.004+08:00  INFO 26740 --- [client-service] [scheduling-1] t.x.c.ClientServiceApplication           : 正在执行计划任务...
2025-04-11T11:19:46.767+08:00  INFO 26740 --- [client-service] [SpringApplicationShutdownHook] o.s.b.w.e.tomcat.GracefulShutdown        : Commencing graceful shutdown. Waiting for active requests to complete
2025-04-11T11:19:46.925+08:00  INFO 26740 --- [client-service] [tomcat-shutdown] o.s.b.w.e.tomcat.GracefulShutdown        : Graceful shutdown complete
2025-04-11T11:19:48.550+08:00  INFO 27104 --- [client-service] [main] t.x.c.ClientServiceApplication           : Starting ClientServiceApplication using Java 18.0.2 with PID 27104 (C:\Users\ymx1205\Desktop\MicroService_Learning\client-service\target\classes started by ymx1205 in C:\Users\ymx1205\Desktop\MicroService_Learning\client-service)
2025-04-11T11:19:48.552+08:00  INFO 27104 --- [client-service] [main] t.x.c.ClientServiceApplication           : No active profile set, falling back to 1 default profile: "default"
2025-04-11T11:19:49.392+08:00  INFO 27104 --- [client-service] [main] o.s.b.w.embedded.tomcat.TomcatWebServer  : Tomcat initialized with port 8081 (http)
2025-04-11T11:19:49.404+08:00  INFO 27104 --- [client-service] [main] o.apache.catalina.core.StandardService   : Starting service [Tomcat]
2025-04-11T11:19:49.404+08:00  INFO 27104 --- [client-service] [main] o.apache.catalina.core.StandardEngine    : Starting Servlet engine: [Apache Tomcat/10.1.39]
2025-04-11T11:19:49.435+08:00  INFO 27104 --- [client-service] [main] o.a.c.c.C.[Tomcat].[localhost].[/]       : Initializing Spring embedded WebApplicationContext
2025-04-11T11:19:49.435+08:00  INFO 27104 --- [client-service] [main] w.s.c.ServletWebServerApplicationContext : Root WebApplicationContext: initialization completed in 845 ms
2025-04-11T11:19:50.042+08:00  INFO 27104 --- [client-service] [main] o.s.b.a.e.web.EndpointLinksResolver      : Exposing 15 endpoints beneath base path '/actuator'
2025-04-11T11:19:50.082+08:00  INFO 27104 --- [client-service] [main] o.s.b.w.embedded.tomcat.TomcatWebServer  : Tomcat started on port 8081 (http) with context path '/'
2025-04-11T11:19:50.096+08:00  INFO 27104 --- [client-service] [main] t.x.c.ClientServiceApplication           : Started ClientServiceApplication in 1.945 seconds (process running for 2.346)
2025-04-11T11:19:50.355+08:00  INFO 27104 --- [client-service] [registrationTask1] d.c.b.a.c.r.ApplicationRegistrator       : Application registered itself as 17e2480b2198
2025-04-11T11:19:50.408+08:00  INFO 27104 --- [client-service] [http-nio-8081-exec-1] o.a.c.c.C.[Tomcat].[localhost].[/]       : Initializing Spring DispatcherServlet 'dispatcherServlet'
2025-04-11T11:19:50.408+08:00  INFO 27104 --- [client-service] [http-nio-8081-exec-1] o.s.web.servlet.DispatcherServlet        : Initializing Servlet 'dispatcherServlet'
2025-04-11T11:19:50.409+08:00  INFO 27104 --- [client-service] [http-nio-8081-exec-1] o.s.web.servlet.DispatcherServlet        : Completed initialization in 1 ms
2025-04-11T11:20:00.009+08:00  INFO 27104 --- [client-service] [scheduling-1] t.x.c.ClientServiceApplication           : 正在执行计划任务...
2025-04-11T11:20:10.007+08:00  INFO 27104 --- [client-service] [scheduling-1] t.x.c.ClientServiceApplication           : 正在执行计划任务...
2025-04-11T11:20:20.010+08:00  INFO 27104 --- [client-service] [scheduling-1] t.x.c.ClientServiceApplication           : 正在执行计划任务...
2025-04-11T11:20:30.011+08:00  INFO 27104 --- [client-service] [scheduling-1] t.x.c.ClientServiceApplication           : 正在执行计划任务...
2025-04-11T11:20:40.003+08:00  INFO 27104 --- [client-service] [scheduling-1] t.x.c.ClientServiceApplication           : 正在执行计划任务...
2025-04-11T11:20:50.011+08:00  INFO 27104 --- [client-service] [scheduling-1] t.x.c.ClientServiceApplication           : 正在执行计划任务...
2025-04-11T11:21:00.007+08:00  INFO 27104 --- [client-service] [scheduling-1] t.x.c.ClientServiceApplication           : 正在执行计划任务...
2025-04-11T11:21:10.009+08:00  INFO 27104 --- [client-service] [scheduling-1] t.x.c.ClientServiceApplication           : 正在执行计划任务...
2025-04-11T11:21:20.012+08:00  INFO 27104 --- [client-service] [scheduling-1] t.x.c.ClientServiceApplication           : 正在执行计划任务...
2025-04-11T11:21:30.012+08:00  INFO 27104 --- [client-service] [scheduling-1] t.x.c.ClientServiceApplication           : 正在执行计划任务...
2025-04-11T11:21:40.006+08:00  INFO 27104 --- [client-service] [scheduling-1] t.x.c.ClientServiceApplication           : 正在执行计划任务...
2025-04-11T11:21:50.007+08:00  INFO 27104 --- [client-service] [scheduling-1] t.x.c.ClientServiceApplication           : 正在执行计划任务...
2025-04-11T11:22:00.001+08:00  INFO 27104 --- [client-service] [scheduling-1] t.x.c.ClientServiceApplication           : 正在执行计划任务...
2025-04-11T11:22:10.004+08:00  INFO 27104 --- [client-service] [scheduling-1] t.x.c.ClientServiceApplication           : 正在执行计划任务...
2025-04-11T11:22:20.005+08:00  INFO 27104 --- [client-service] [scheduling-1] t.x.c.ClientServiceApplication           : 正在执行计划任务...
2025-04-11T11:22:30.008+08:00  INFO 27104 --- [client-service] [scheduling-1] t.x.c.ClientServiceApplication           : 正在执行计划任务...
2025-04-11T11:22:40.014+08:00  INFO 27104 --- [client-service] [scheduling-1] t.x.c.ClientServiceApplication           : 正在执行计划任务...
2025-04-11T11:22:50.009+08:00  INFO 27104 --- [client-service] [scheduling-1] t.x.c.ClientServiceApplication           : 正在执行计划任务...
2025-04-11T11:23:00.014+08:00  INFO 27104 --- [client-service] [scheduling-1] t.x.c.ClientServiceApplication           : 正在执行计划任务...
2025-04-11T11:23:10.005+08:00  INFO 27104 --- [client-service] [scheduling-1] t.x.c.ClientServiceApplication           : 正在执行计划任务...
2025-04-11T11:23:20.015+08:00  INFO 27104 --- [client-service] [scheduling-1] t.x.c.ClientServiceApplication           : 正在执行计划任务...
2025-04-11T11:23:30.005+08:00  INFO 27104 --- [client-service] [scheduling-1] t.x.c.ClientServiceApplication           : 正在执行计划任务...
2025-04-11T11:23:40.014+08:00  INFO 27104 --- [client-service] [scheduling-1] t.x.c.ClientServiceApplication           : 正在执行计划任务...
2025-04-11T11:23:50.010+08:00  INFO 27104 --- [client-service] [scheduling-1] t.x.c.ClientServiceApplication           : 正在执行计划任务...
2025-04-11T11:24:00.010+08:00  INFO 27104 --- [client-service] [scheduling-1] t.x.c.ClientServiceApplication           : 正在执行计划任务...
2025-04-11T11:24:10.001+08:00  INFO 27104 --- [client-service] [scheduling-1] t.x.c.ClientServiceApplication           : 正在执行计划任务...
2025-04-11T11:24:20.016+08:00  INFO 27104 --- [client-service] [scheduling-1] t.x.c.ClientServiceApplication           : 正在执行计划任务...
2025-04-11T11:24:30.015+08:00  INFO 27104 --- [client-service] [scheduling-1] t.x.c.ClientServiceApplication           : 正在执行计划任务...
2025-04-11T11:24:40.014+08:00  INFO 27104 --- [client-service] [scheduling-1] t.x.c.ClientServiceApplication           : 正在执行计划任务...
2025-04-11T11:24:50.010+08:00  INFO 27104 --- [client-service] [scheduling-1] t.x.c.ClientServiceApplication           : 正在执行计划任务...
2025-04-11T11:24:50.110+08:00  WARN 27104 --- [client-service] [registrationTask1] d.c.b.a.c.r.ApplicationRegistrator       : Failed to register application as Application(name=client-service, managementUrl=http://DESKTOP-N0PS8SF:8081/actuator, healthUrl=http://DESKTOP-N0PS8SF:8081/actuator/health, serviceUrl=http://DESKTOP-N0PS8SF:8081/) at spring-boot-admin ([http://localhost:8080/instances]): I/O error on POST request for "http://localhost:8080/instances": HTTP/1.1 header parser received no bytes. Further attempts are logged on DEBUG level
2025-04-11T11:25:00.000+08:00  INFO 27104 --- [client-service] [scheduling-1] t.x.c.ClientServiceApplication           : 正在执行计划任务...
2025-04-11T11:25:10.006+08:00  INFO 27104 --- [client-service] [scheduling-1] t.x.c.ClientServiceApplication           : 正在执行计划任务...
2025-04-11T11:25:20.004+08:00  INFO 27104 --- [client-service] [scheduling-1] t.x.c.ClientServiceApplication           : 正在执行计划任务...
2025-04-11T11:25:30.010+08:00  INFO 27104 --- [client-service] [scheduling-1] t.x.c.ClientServiceApplication           : 正在执行计划任务...
2025-04-11T11:25:40.014+08:00  INFO 27104 --- [client-service] [scheduling-1] t.x.c.ClientServiceApplication           : 正在执行计划任务...
2025-04-11T11:25:50.002+08:00  INFO 27104 --- [client-service] [scheduling-1] t.x.c.ClientServiceApplication           : 正在执行计划任务...
2025-04-11T11:26:00.011+08:00  INFO 27104 --- [client-service] [scheduling-1] t.x.c.ClientServiceApplication           : 正在执行计划任务...
2025-04-11T11:26:10.012+08:00  INFO 27104 --- [client-service] [scheduling-1] t.x.c.ClientServiceApplication           : 正在执行计划任务...
2025-04-11T11:26:20.016+08:00  INFO 27104 --- [client-service] [scheduling-1] t.x.c.ClientServiceApplication           : 正在执行计划任务...
2025-04-11T11:26:30.014+08:00  INFO 27104 --- [client-service] [scheduling-1] t.x.c.ClientServiceApplication           : 正在执行计划任务...
2025-04-11T11:26:40.008+08:00  INFO 27104 --- [client-service] [scheduling-1] t.x.c.ClientServiceApplication           : 正在执行计划任务...
2025-04-11T11:26:50.006+08:00  INFO 27104 --- [client-service] [scheduling-1] t.x.c.ClientServiceApplication           : 正在执行计划任务...
2025-04-11T11:27:00.012+08:00  INFO 27104 --- [client-service] [scheduling-1] t.x.c.ClientServiceApplication           : 正在执行计划任务...
2025-04-11T11:27:10.013+08:00  INFO 27104 --- [client-service] [scheduling-1] t.x.c.ClientServiceApplication           : 正在执行计划任务...
2025-04-11T11:27:20.002+08:00  INFO 27104 --- [client-service] [scheduling-1] t.x.c.ClientServiceApplication           : 正在执行计划任务...
2025-04-11T11:27:30.000+08:00  INFO 27104 --- [client-service] [scheduling-1] t.x.c.ClientServiceApplication           : 正在执行计划任务...
2025-04-11T11:27:40.012+08:00  INFO 27104 --- [client-service] [scheduling-1] t.x.c.ClientServiceApplication           : 正在执行计划任务...
2025-04-11T11:27:50.015+08:00  INFO 27104 --- [client-service] [scheduling-1] t.x.c.ClientServiceApplication           : 正在执行计划任务...
2025-04-11T11:28:00.015+08:00  INFO 27104 --- [client-service] [scheduling-1] t.x.c.ClientServiceApplication           : 正在执行计划任务...
2025-04-11T11:28:10.004+08:00  INFO 27104 --- [client-service] [scheduling-1] t.x.c.ClientServiceApplication           : 正在执行计划任务...
2025-04-11T11:28:20.010+08:00  INFO 27104 --- [client-service] [scheduling-1] t.x.c.ClientServiceApplication           : 正在执行计划任务...
2025-04-11T11:28:30.008+08:00  INFO 27104 --- [client-service] [scheduling-1] t.x.c.ClientServiceApplication           : 正在执行计划任务...
2025-04-11T11:28:40.001+08:00  INFO 27104 --- [client-service] [scheduling-1] t.x.c.ClientServiceApplication           : 正在执行计划任务...
2025-04-11T11:28:50.009+08:00  INFO 27104 --- [client-service] [scheduling-1] t.x.c.ClientServiceApplication           : 正在执行计划任务...
2025-04-11T11:29:00.013+08:00  INFO 27104 --- [client-service] [scheduling-1] t.x.c.ClientServiceApplication           : 正在执行计划任务...
2025-04-11T11:29:10.013+08:00  INFO 27104 --- [client-service] [scheduling-1] t.x.c.ClientServiceApplication           : 正在执行计划任务...
2025-04-11T11:29:20.009+08:00  INFO 27104 --- [client-service] [scheduling-1] t.x.c.ClientServiceApplication           : 正在执行计划任务...
2025-04-11T11:29:30.007+08:00  INFO 27104 --- [client-service] [scheduling-1] t.x.c.ClientServiceApplication           : 正在执行计划任务...
2025-04-11T11:29:40.012+08:00  INFO 27104 --- [client-service] [scheduling-1] t.x.c.ClientServiceApplication           : 正在执行计划任务...
2025-04-11T11:29:50.006+08:00  INFO 27104 --- [client-service] [scheduling-1] t.x.c.ClientServiceApplication           : 正在执行计划任务...
2025-04-11T11:30:00.005+08:00  INFO 27104 --- [client-service] [scheduling-1] t.x.c.ClientServiceApplication           : 正在执行计划任务...
2025-04-11T11:30:10.013+08:00  INFO 27104 --- [client-service] [scheduling-1] t.x.c.ClientServiceApplication           : 正在执行计划任务...
2025-04-11T11:30:20.005+08:00  INFO 27104 --- [client-service] [scheduling-1] t.x.c.ClientServiceApplication           : 正在执行计划任务...
2025-04-11T11:30:30.008+08:00  INFO 27104 --- [client-service] [scheduling-1] t.x.c.ClientServiceApplication           : 正在执行计划任务...
2025-04-11T11:30:40.013+08:00  INFO 27104 --- [client-service] [scheduling-1] t.x.c.ClientServiceApplication           : 正在执行计划任务...
2025-04-11T11:30:50.015+08:00  INFO 27104 --- [client-service] [scheduling-1] t.x.c.ClientServiceApplication           : 正在执行计划任务...
2025-04-11T11:31:00.011+08:00  INFO 27104 --- [client-service] [scheduling-1] t.x.c.ClientServiceApplication           : 正在执行计划任务...
2025-04-11T11:31:10.004+08:00  INFO 27104 --- [client-service] [scheduling-1] t.x.c.ClientServiceApplication           : 正在执行计划任务...
2025-04-11T11:31:20.008+08:00  INFO 27104 --- [client-service] [scheduling-1] t.x.c.ClientServiceApplication           : 正在执行计划任务...
2025-04-11T11:31:30.001+08:00  INFO 27104 --- [client-service] [scheduling-1] t.x.c.ClientServiceApplication           : 正在执行计划任务...
2025-04-11T11:31:40.009+08:00  INFO 27104 --- [client-service] [scheduling-1] t.x.c.ClientServiceApplication           : 正在执行计划任务...
2025-04-11T11:31:50.009+08:00  INFO 27104 --- [client-service] [scheduling-1] t.x.c.ClientServiceApplication           : 正在执行计划任务...
2025-04-11T11:32:00.008+08:00  INFO 27104 --- [client-service] [scheduling-1] t.x.c.ClientServiceApplication           : 正在执行计划任务...
2025-04-11T11:32:10.012+08:00  INFO 27104 --- [client-service] [scheduling-1] t.x.c.ClientServiceApplication           : 正在执行计划任务...
2025-04-11T11:32:20.010+08:00  INFO 27104 --- [client-service] [scheduling-1] t.x.c.ClientServiceApplication           : 正在执行计划任务...
2025-04-11T11:32:30.012+08:00  INFO 27104 --- [client-service] [scheduling-1] t.x.c.ClientServiceApplication           : 正在执行计划任务...
2025-04-11T11:32:40.003+08:00  INFO 27104 --- [client-service] [scheduling-1] t.x.c.ClientServiceApplication           : 正在执行计划任务...
2025-04-11T11:32:50.008+08:00  INFO 27104 --- [client-service] [scheduling-1] t.x.c.ClientServiceApplication           : 正在执行计划任务...
2025-04-11T11:33:00.010+08:00  INFO 27104 --- [client-service] [scheduling-1] t.x.c.ClientServiceApplication           : 正在执行计划任务...
2025-04-11T11:33:10.001+08:00  INFO 27104 --- [client-service] [scheduling-1] t.x.c.ClientServiceApplication           : 正在执行计划任务...
2025-04-11T11:33:20.008+08:00  INFO 27104 --- [client-service] [scheduling-1] t.x.c.ClientServiceApplication           : 正在执行计划任务...
2025-04-11T11:33:30.015+08:00  INFO 27104 --- [client-service] [scheduling-1] t.x.c.ClientServiceApplication           : 正在执行计划任务...
2025-04-11T11:33:40.004+08:00  INFO 27104 --- [client-service] [scheduling-1] t.x.c.ClientServiceApplication           : 正在执行计划任务...
2025-04-11T11:33:50.005+08:00  INFO 27104 --- [client-service] [scheduling-1] t.x.c.ClientServiceApplication           : 正在执行计划任务...
2025-04-11T11:34:00.008+08:00  INFO 27104 --- [client-service] [scheduling-1] t.x.c.ClientServiceApplication           : 正在执行计划任务...
2025-04-11T11:34:10.013+08:00  INFO 27104 --- [client-service] [scheduling-1] t.x.c.ClientServiceApplication           : 正在执行计划任务...
2025-04-11T11:34:20.006+08:00  INFO 27104 --- [client-service] [scheduling-1] t.x.c.ClientServiceApplication           : 正在执行计划任务...
2025-04-11T11:34:30.014+08:00  INFO 27104 --- [client-service] [scheduling-1] t.x.c.ClientServiceApplication           : 正在执行计划任务...
2025-04-11T11:34:40.009+08:00  INFO 27104 --- [client-service] [scheduling-1] t.x.c.ClientServiceApplication           : 正在执行计划任务...
2025-04-11T11:34:50.009+08:00  INFO 27104 --- [client-service] [scheduling-1] t.x.c.ClientServiceApplication           : 正在执行计划任务...
2025-04-11T11:35:00.004+08:00  INFO 27104 --- [client-service] [scheduling-1] t.x.c.ClientServiceApplication           : 正在执行计划任务...
2025-04-11T11:35:10.011+08:00  INFO 27104 --- [client-service] [scheduling-1] t.x.c.ClientServiceApplication           : 正在执行计划任务...
2025-04-11T11:35:20.003+08:00  INFO 27104 --- [client-service] [scheduling-1] t.x.c.ClientServiceApplication           : 正在执行计划任务...
2025-04-11T11:35:30.005+08:00  INFO 27104 --- [client-service] [scheduling-1] t.x.c.ClientServiceApplication           : 正在执行计划任务...
2025-04-11T11:35:40.016+08:00  INFO 27104 --- [client-service] [scheduling-1] t.x.c.ClientServiceApplication           : 正在执行计划任务...
2025-04-11T11:35:50.006+08:00  INFO 27104 --- [client-service] [scheduling-1] t.x.c.ClientServiceApplication           : 正在执行计划任务...
2025-04-11T11:36:00.014+08:00  INFO 27104 --- [client-service] [scheduling-1] t.x.c.ClientServiceApplication           : 正在执行计划任务...
2025-04-11T11:36:10.005+08:00  INFO 27104 --- [client-service] [scheduling-1] t.x.c.ClientServiceApplication           : 正在执行计划任务...
2025-04-11T11:36:20.006+08:00  INFO 27104 --- [client-service] [scheduling-1] t.x.c.ClientServiceApplication           : 正在执行计划任务...
2025-04-11T11:36:30.001+08:00  INFO 27104 --- [client-service] [scheduling-1] t.x.c.ClientServiceApplication           : 正在执行计划任务...
2025-04-11T11:36:40.013+08:00  INFO 27104 --- [client-service] [scheduling-1] t.x.c.ClientServiceApplication           : 正在执行计划任务...
2025-04-11T11:36:50.004+08:00  INFO 27104 --- [client-service] [scheduling-1] t.x.c.ClientServiceApplication           : 正在执行计划任务...
2025-04-11T11:37:00.013+08:00  INFO 27104 --- [client-service] [scheduling-1] t.x.c.ClientServiceApplication           : 正在执行计划任务...
2025-04-11T11:37:10.002+08:00  INFO 27104 --- [client-service] [scheduling-1] t.x.c.ClientServiceApplication           : 正在执行计划任务...
2025-04-11T11:37:20.008+08:00  INFO 27104 --- [client-service] [scheduling-1] t.x.c.ClientServiceApplication           : 正在执行计划任务...
2025-04-11T11:37:30.015+08:00  INFO 27104 --- [client-service] [scheduling-1] t.x.c.ClientServiceApplication           : 正在执行计划任务...
2025-04-11T11:37:40.001+08:00  INFO 27104 --- [client-service] [scheduling-1] t.x.c.ClientServiceApplication           : 正在执行计划任务...
2025-04-11T11:37:50.013+08:00  INFO 27104 --- [client-service] [scheduling-1] t.x.c.ClientServiceApplication           : 正在执行计划任务...
2025-04-11T11:38:00.000+08:00  INFO 27104 --- [client-service] [scheduling-1] t.x.c.ClientServiceApplication           : 正在执行计划任务...
2025-04-11T11:38:10.012+08:00  INFO 27104 --- [client-service] [scheduling-1] t.x.c.ClientServiceApplication           : 正在执行计划任务...
2025-04-11T11:38:12.904+08:00  INFO 26036 --- [client-service] [main] t.x.c.ClientServiceApplicationTests      : Starting ClientServiceApplicationTests using Java 18.0.2 with PID 26036 (started by ymx1205 in C:\Users\ymx1205\Desktop\MicroService_Learning\client-service)
2025-04-11T11:38:12.906+08:00  INFO 26036 --- [client-service] [main] t.x.c.ClientServiceApplicationTests      : No active profile set, falling back to 1 default profile: "default"
2025-04-11T11:38:14.895+08:00  INFO 26036 --- [client-service] [main] o.s.b.a.e.web.EndpointLinksResolver      : Exposing 15 endpoints beneath base path '/actuator'
2025-04-11T11:38:14.976+08:00  INFO 26036 --- [client-service] [main] t.x.c.ClientServiceApplicationTests      : Started ClientServiceApplicationTests in 2.403 seconds (process running for 3.369)
2025-04-11T11:38:15.036+08:00 ERROR 26036 --- [client-service] [registrationTask1] o.s.s.s.TaskUtils$LoggingErrorHandler    : Unexpected error occurred in scheduled task

java.lang.IllegalStateException: couldn't determine local port. Please set spring.boot.admin.client.instance.service-base-url.
	at de.codecentric.boot.admin.client.registration.DefaultApplicationFactory.getLocalServerPort(DefaultApplicationFactory.java:205) ~[spring-boot-admin-client-3.2.3.jar:3.2.3]
	at de.codecentric.boot.admin.client.registration.DefaultApplicationFactory.getServiceBaseUrl(DefaultApplicationFactory.java:109) ~[spring-boot-admin-client-3.2.3.jar:3.2.3]
	at de.codecentric.boot.admin.client.registration.ServletApplicationFactory.getServiceUrl(ServletApplicationFactory.java:62) ~[spring-boot-admin-client-3.2.3.jar:3.2.3]
	at de.codecentric.boot.admin.client.registration.ServletApplicationFactory.getManagementBaseUrl(ServletApplicationFactory.java:77) ~[spring-boot-admin-client-3.2.3.jar:3.2.3]
	at de.codecentric.boot.admin.client.registration.DefaultApplicationFactory.getHealthUrl(DefaultApplicationFactory.java:165) ~[spring-boot-admin-client-3.2.3.jar:3.2.3]
	at de.codecentric.boot.admin.client.registration.DefaultApplicationFactory.createApplication(DefaultApplicationFactory.java:80) ~[spring-boot-admin-client-3.2.3.jar:3.2.3]
	at de.codecentric.boot.admin.client.registration.DefaultApplicationRegistrator.register(DefaultApplicationRegistrator.java:56) ~[spring-boot-admin-client-3.2.3.jar:3.2.3]
	at org.springframework.scheduling.support.DelegatingErrorHandlingRunnable.run(DelegatingErrorHandlingRunnable.java:54) ~[spring-context-6.2.5.jar:6.2.5]
	at java.base/java.util.concurrent.Executors$RunnableAdapter.call(Executors.java:539) ~[na:na]
	at java.base/java.util.concurrent.FutureTask.runAndReset(FutureTask.java:305) ~[na:na]
	at java.base/java.util.concurrent.ScheduledThreadPoolExecutor$ScheduledFutureTask.run(ScheduledThreadPoolExecutor.java:305) ~[na:na]
	at java.base/java.util.concurrent.ThreadPoolExecutor.runWorker(ThreadPoolExecutor.java:1136) ~[na:na]
	at java.base/java.util.concurrent.ThreadPoolExecutor$Worker.run(ThreadPoolExecutor.java:635) ~[na:na]
	at java.base/java.lang.Thread.run(Thread.java:833) ~[na:na]

2025-04-11T11:38:20.015+08:00  INFO 27104 --- [client-service] [scheduling-1] t.x.c.ClientServiceApplication           : 正在执行计划任务...
2025-04-11T11:38:30.005+08:00  INFO 27104 --- [client-service] [scheduling-1] t.x.c.ClientServiceApplication           : 正在执行计划任务...
2025-04-11T11:38:40.008+08:00  INFO 27104 --- [client-service] [scheduling-1] t.x.c.ClientServiceApplication           : 正在执行计划任务...
2025-04-11T11:38:50.007+08:00  INFO 27104 --- [client-service] [scheduling-1] t.x.c.ClientServiceApplication           : 正在执行计划任务...
2025-04-11T11:39:00.010+08:00  INFO 27104 --- [client-service] [scheduling-1] t.x.c.ClientServiceApplication           : 正在执行计划任务...
2025-04-11T11:39:10.002+08:00  INFO 27104 --- [client-service] [scheduling-1] t.x.c.ClientServiceApplication           : 正在执行计划任务...
2025-04-11T11:39:20.001+08:00  INFO 27104 --- [client-service] [scheduling-1] t.x.c.ClientServiceApplication           : 正在执行计划任务...
2025-04-11T11:39:30.007+08:00  INFO 27104 --- [client-service] [scheduling-1] t.x.c.ClientServiceApplication           : 正在执行计划任务...
2025-04-11T11:39:40.006+08:00  INFO 27104 --- [client-service] [scheduling-1] t.x.c.ClientServiceApplication           : 正在执行计划任务...
2025-04-11T11:39:50.005+08:00  INFO 27104 --- [client-service] [scheduling-1] t.x.c.ClientServiceApplication           : 正在执行计划任务...
2025-04-11T11:40:00.008+08:00  INFO 27104 --- [client-service] [scheduling-1] t.x.c.ClientServiceApplication           : 正在执行计划任务...
2025-04-11T11:40:10.013+08:00  INFO 27104 --- [client-service] [scheduling-1] t.x.c.ClientServiceApplication           : 正在执行计划任务...
2025-04-11T11:40:20.002+08:00  INFO 27104 --- [client-service] [scheduling-1] t.x.c.ClientServiceApplication           : 正在执行计划任务...
2025-04-11T11:40:30.012+08:00  INFO 27104 --- [client-service] [scheduling-1] t.x.c.ClientServiceApplication           : 正在执行计划任务...
2025-04-11T11:40:40.004+08:00  INFO 27104 --- [client-service] [scheduling-1] t.x.c.ClientServiceApplication           : 正在执行计划任务...
2025-04-11T11:40:50.005+08:00  INFO 27104 --- [client-service] [scheduling-1] t.x.c.ClientServiceApplication           : 正在执行计划任务...
2025-04-11T11:41:00.002+08:00  INFO 27104 --- [client-service] [scheduling-1] t.x.c.ClientServiceApplication           : 正在执行计划任务...
2025-04-11T11:41:10.001+08:00  INFO 27104 --- [client-service] [scheduling-1] t.x.c.ClientServiceApplication           : 正在执行计划任务...
2025-04-11T11:41:20.002+08:00  INFO 27104 --- [client-service] [scheduling-1] t.x.c.ClientServiceApplication           : 正在执行计划任务...
2025-04-11T11:41:30.006+08:00  INFO 27104 --- [client-service] [scheduling-1] t.x.c.ClientServiceApplication           : 正在执行计划任务...
2025-04-11T11:41:40.013+08:00  INFO 27104 --- [client-service] [scheduling-1] t.x.c.ClientServiceApplication           : 正在执行计划任务...
2025-04-11T11:41:50.012+08:00  INFO 27104 --- [client-service] [scheduling-1] t.x.c.ClientServiceApplication           : 正在执行计划任务...
2025-04-11T11:42:00.008+08:00  INFO 27104 --- [client-service] [scheduling-1] t.x.c.ClientServiceApplication           : 正在执行计划任务...
2025-04-11T11:42:10.013+08:00  INFO 27104 --- [client-service] [scheduling-1] t.x.c.ClientServiceApplication           : 正在执行计划任务...
2025-04-11T11:42:20.012+08:00  INFO 27104 --- [client-service] [scheduling-1] t.x.c.ClientServiceApplication           : 正在执行计划任务...
2025-04-11T11:42:30.010+08:00  INFO 27104 --- [client-service] [scheduling-1] t.x.c.ClientServiceApplication           : 正在执行计划任务...
2025-04-11T11:42:40.010+08:00  INFO 27104 --- [client-service] [scheduling-1] t.x.c.ClientServiceApplication           : 正在执行计划任务...
2025-04-11T11:42:50.014+08:00  INFO 27104 --- [client-service] [scheduling-1] t.x.c.ClientServiceApplication           : 正在执行计划任务...
2025-04-11T11:43:00.011+08:00  INFO 27104 --- [client-service] [scheduling-1] t.x.c.ClientServiceApplication           : 正在执行计划任务...
2025-04-11T11:43:10.008+08:00  INFO 27104 --- [client-service] [scheduling-1] t.x.c.ClientServiceApplication           : 正在执行计划任务...
2025-04-11T11:43:20.012+08:00  INFO 27104 --- [client-service] [scheduling-1] t.x.c.ClientServiceApplication           : 正在执行计划任务...
2025-04-11T11:43:30.002+08:00  INFO 27104 --- [client-service] [scheduling-1] t.x.c.ClientServiceApplication           : 正在执行计划任务...
2025-04-11T11:43:40.013+08:00  INFO 27104 --- [client-service] [scheduling-1] t.x.c.ClientServiceApplication           : 正在执行计划任务...
2025-04-11T11:43:50.005+08:00  INFO 27104 --- [client-service] [scheduling-1] t.x.c.ClientServiceApplication           : 正在执行计划任务...
2025-04-11T11:44:00.011+08:00  INFO 27104 --- [client-service] [scheduling-1] t.x.c.ClientServiceApplication           : 正在执行计划任务...
2025-04-11T11:44:10.008+08:00  INFO 27104 --- [client-service] [scheduling-1] t.x.c.ClientServiceApplication           : 正在执行计划任务...
2025-04-11T11:44:10.974+08:00  INFO 27104 --- [client-service] [SpringApplicationShutdownHook] o.s.b.w.e.tomcat.GracefulShutdown        : Commencing graceful shutdown. Waiting for active requests to complete
2025-04-11T11:44:11.104+08:00  INFO 27104 --- [client-service] [tomcat-shutdown] o.s.b.w.e.tomcat.GracefulShutdown        : Graceful shutdown complete
